<?xml version="1.0" encoding="UTF-8"?>
<!-- Generated by org.testng.reporters.JUnitReportReporter -->
<testsuite hostname="DESKTOP-4DHU56L" failures="0" tests="1" name="testsCases.ExecuteTestZaleniumFirefox2" time="6.644" errors="0" timestamp="7 Oct 2022 21:47:35 GMT">
  <testcase classname="testsCases.ExecuteTestZaleniumFirefox2" name="test2" time="6.644"/>
</testsuite> <!-- testsCases.ExecuteTestZaleniumFirefox2 -->
