<?xml version="1.0" encoding="UTF-8"?>
<!-- Generated by org.testng.reporters.JUnitReportReporter -->
<testsuite hostname="DESKTOP-4DHU56L" failures="0" tests="1" name="testsCases.ExecuteTestZaleniumFirefox1" time="11.874" errors="0" timestamp="7 Oct 2022 21:47:35 GMT">
  <testcase classname="testsCases.ExecuteTestZaleniumFirefox1" name="test1" time="11.874"/>
</testsuite> <!-- testsCases.ExecuteTestZaleniumFirefox1 -->
